GET / Fri, 28 Apr 2017 01:31:53 GMT
GET /favicon.ico Fri, 28 Apr 2017 01:31:53 GMT
GET /products Fri, 28 Apr 2017 01:31:56 GMT
GET /products Fri, 28 Apr 2017 01:32:06 GMT
GET /products Fri, 28 Apr 2017 01:32:06 GMT
GET /products Fri, 28 Apr 2017 01:32:11 GMT
GET /products Fri, 28 Apr 2017 01:33:48 GMT
GET /products Fri, 28 Apr 2017 01:33:53 GMT
GET /products Fri, 28 Apr 2017 01:36:27 GMT
GET /products Fri, 28 Apr 2017 01:37:23 GMT
GET /products Fri, 28 Apr 2017 01:40:48 GMT
GET /products/2 Fri, 28 Apr 2017 01:40:49 GMT
GET /products Fri, 28 Apr 2017 01:44:17 GMT
GET /products/2 Fri, 28 Apr 2017 01:44:18 GMT
GET /products/1 Fri, 28 Apr 2017 01:44:34 GMT
GET /products Fri, 28 Apr 2017 01:45:03 GMT
GET /products/2 Fri, 28 Apr 2017 01:45:08 GMT
GET /products/2 Fri, 28 Apr 2017 01:45:42 GMT
GET /products/2 Fri, 28 Apr 2017 01:45:42 GMT
GET /products/2 Fri, 28 Apr 2017 01:46:28 GMT
GET /products/2 Fri, 28 Apr 2017 01:46:52 GMT
GET /products/2 Fri, 28 Apr 2017 01:46:53 GMT
GET /products/2 Fri, 28 Apr 2017 01:46:53 GMT
GET /products/2 Fri, 28 Apr 2017 01:46:53 GMT
GET /products/2 Fri, 28 Apr 2017 01:47:02 GMT
GET /products/2 Fri, 28 Apr 2017 01:47:28 GMT
GET /products/2 Fri, 28 Apr 2017 01:47:30 GMT
GET /products/2 Fri, 28 Apr 2017 01:47:38 GMT
GET /products Fri, 28 Apr 2017 01:49:56 GMT
GET /products/2 Fri, 28 Apr 2017 01:49:59 GMT
GET /products Fri, 28 Apr 2017 01:51:27 GMT
GET /products/2 Fri, 28 Apr 2017 01:51:28 GMT
GET /products Fri, 28 Apr 2017 01:51:37 GMT
GET /products/2 Fri, 28 Apr 2017 01:51:40 GMT
GET /products Fri, 28 Apr 2017 01:51:50 GMT
GET /products/2 Fri, 28 Apr 2017 01:51:51 GMT
GET /products/2 Fri, 28 Apr 2017 01:53:45 GMT
GET /products Fri, 28 Apr 2017 01:58:10 GMT
GET /products/new Fri, 28 Apr 2017 01:58:11 GMT
POST /products Fri, 28 Apr 2017 01:58:36 GMT
GET /products Fri, 28 Apr 2017 02:00:35 GMT
GET /products/new Fri, 28 Apr 2017 02:00:36 GMT
POST /products Fri, 28 Apr 2017 02:00:46 GMT
GET /products/new Fri, 28 Apr 2017 02:00:55 GMT
POST /products Fri, 28 Apr 2017 02:01:02 GMT
GET /products Fri, 28 Apr 2017 02:01:19 GMT
GET /products Fri, 28 Apr 2017 02:12:14 GMT
GET /products/new Fri, 28 Apr 2017 02:12:16 GMT
POST /products Fri, 28 Apr 2017 02:12:22 GMT
GET / Fri, 28 Apr 2017 02:12:22 GMT
GET /products Fri, 28 Apr 2017 02:12:24 GMT
GET /products/new Fri, 28 Apr 2017 02:12:44 GMT
POST /products Fri, 28 Apr 2017 02:12:50 GMT
GET /products Fri, 28 Apr 2017 02:12:50 GMT
